0x05,0x01,                // USAGE_PAGE (Generic Desktop)
0x09,0x06,                // USAGE (0x6)
0xA1,0x01,                // COLLECTION (Clc_Application)
0x85,0x03,                //   REPORT_ID (3)
0x75,0x01,                //   REPORT_SIZE (1)
0x95,0x08,                //   REPORT_COUNT (8)
0x05,0x07,                //   USAGE_PAGE (0x7)
0x19,0xE0,                //   USAGE_MINIMUM (0xE0)
0x29,0xE7,                //   USAGE_MAXIMUM (0xE7)
0x15,0x00,                //   LOGICAL_MINIMUM (0)
0x25,0x01,                //   LOGICAL_MAXIMUM (1)
0x81,0x02,                //   INPUT (IOF_Variable)
0x95,0x01,                //   REPORT_COUNT (1)
0x75,0x08,                //   REPORT_SIZE (8)
0x81,0x03,                //   INPUT (IOF_ConstVar)
0x95,0x05,                //   REPORT_COUNT (5)
0x75,0x01,                //   REPORT_SIZE (1)
0x05,0x08,                //   USAGE_PAGE (0x8)
0x19,0x01,                //   USAGE_MINIMUM (0x1)
0x29,0x05,                //   USAGE_MAXIMUM (0x5)
0x91,0x02,                //   OUTPUT (IOF_Variable)
0x95,0x01,                //   REPORT_COUNT (1)
0x75,0x03,                //   REPORT_SIZE (3)
0x91,0x03,                //   OUTPUT (IOF_ConstVar)
0x95,0x06,                //   REPORT_COUNT (6)
0x75,0x08,                //   REPORT_SIZE (8)
0x15,0x00,                //   LOGICAL_MINIMUM (0)
0x26,0xFF,0x00,           //   LOGICAL_MAXIMUM (255)
0x05,0x07,                //   USAGE_PAGE (0x7)
0x19,0x00,                //   USAGE_MINIMUM (0x0)
0x29,0xFF,                //   USAGE_MAXIMUM (0xFF)
0x81,0x00,                //   INPUT (IOF_Array)
0xC0,                     // END_COLLECTION
0x05,0x0C,                // USAGE_PAGE (Consumer Page)
0x09,0x01,                // USAGE (0x1)
0xA1,0x01,                // COLLECTION (Clc_Application)
0x85,0x05,                //   REPORT_ID (5)
0x15,0x00,                //   LOGICAL_MINIMUM (0)
0x25,0x01,                //   LOGICAL_MAXIMUM (1)
0x75,0x01,                //   REPORT_SIZE (1)
0x95,0x18,                //   REPORT_COUNT (24)
0x09,0xCD,                //   USAGE (0xCD)
0x09,0xB5,                //   USAGE (0xB5)
0x09,0xB6,                //   USAGE (0xB6)
0x09,0xE2,                //   USAGE (0xE2)
0x09,0xE9,                //   USAGE (0xE9)
0x09,0xEA,                //   USAGE (0xEA)
0x09,0xB8,                //   USAGE (0xB8)
0x0A,0x8A,0x01,           //   USAGE (0x18A)
0x0A,0x92,0x01,           //   USAGE (0x192)
0x0A,0x94,0x01,           //   USAGE (0x194)
0x0A,0x96,0x01,           //   USAGE (0x196)
0x0A,0x21,0x02,           //   USAGE (0x221)
0x0A,0x23,0x02,           //   USAGE (0x223)
0x0A,0x24,0x02,           //   USAGE (0x224)
0x0A,0x25,0x02,           //   USAGE (0x225)
0x0A,0x2A,0x02,           //   USAGE (0x22A)
0x0A,0x03,0x02,           //   USAGE (0x203)
0x0A,0x04,0x02,           //   USAGE (0x204)
0x0A,0x05,0x02,           //   USAGE (0x205)
0x0A,0x06,0x02,           //   USAGE (0x206)
0x0A,0x5D,0x02,           //   USAGE (0x25D)
0x0A,0x5F,0x02,           //   USAGE (0x25F)
0x0A,0x82,0x01,           //   USAGE (0x182)
0x09,0x30,                //   USAGE (0x30)
0x81,0x03,                //   INPUT (IOF_ConstVar)
0xC0,                     // END_COLLECTION
0x05,0x01,                // USAGE_PAGE (Generic Desktop)
0x09,0x02,                // USAGE (0x2)
0xA1,0x01,                // COLLECTION (Clc_Application)
0x85,0x04,                //   REPORT_ID (4)
0x09,0x01,                //   USAGE (Pointer)
0xA1,0x00,                //   COLLECTION (Clc_Physical)
0x05,0x09,                //     USAGE_PAGE (Button)
0x19,0x01,                //     USAGE_MINIMUM (0x1)
0x29,0x03,                //     USAGE_MAXIMUM (0x3)
0x15,0x00,                //     LOGICAL_MINIMUM (0)
0x25,0x01,                //     LOGICAL_MAXIMUM (1)
0x75,0x01,                //     REPORT_SIZE (1)
0x95,0x03,                //     REPORT_COUNT (3)
0x81,0x02,                //     INPUT (IOF_Variable)
0x75,0x05,                //     REPORT_SIZE (5)
0x95,0x01,                //     REPORT_COUNT (1)
0x81,0x01,                //     INPUT (IOF_ConstArry)
0x05,0x01,                //     USAGE_PAGE (Generic Desktop)
0x09,0x30,                //     USAGE (X)
0x09,0x31,                //     USAGE (Y)
0x16,0x01,0x80,           //     LOGICAL_MINIMUM (-32767)
0x26,0xFF,0x7F,           //     LOGICAL_MAXIMUM (32767)
0x75,0x10,                //     REPORT_SIZE (16)
0x95,0x02,                //     REPORT_COUNT (2)
0x81,0x06,                //     INPUT (0x6)
0x09,0x38,                //     USAGE (0x38)
0x15,0x81,                //     LOGICAL_MINIMUM (-127)
0x25,0x7F,                //     LOGICAL_MAXIMUM (127)
0x75,0x08,                //     REPORT_SIZE (8)
0x95,0x01,                //     REPORT_COUNT (1)
0x81,0x06,                //     INPUT (0x6)
0x05,0x0C,                //     USAGE_PAGE (Consumer Page)
0x0A,0x38,0x02,           //     USAGE (0x238)
0x15,0x81,                //     LOGICAL_MINIMUM (-127)
0x25,0x7F,                //     LOGICAL_MAXIMUM (127)
0x75,0x08,                //     REPORT_SIZE (8)
0x81,0x06,                //     INPUT (0x6)
0xC0,                     //   END_COLLECTION
0xC0,                     // END_COLLECTION
0x06,0x00,0xFF,           // USAGE_PAGE (Vendor Page 0)
0x09,0x01,                // USAGE (0x1)
0xA1,0x01,                // COLLECTION (Clc_Application)
0x85,0x02,                //   REPORT_ID (2)
0x95,0x3A,                //   REPORT_COUNT (58)
0x75,0x08,                //   REPORT_SIZE (8)
0x26,0xFF,0x00,           //   LOGICAL_MAXIMUM (255)
0x15,0x00,                //   LOGICAL_MINIMUM (0)
0x09,0x01,                //   USAGE (0x1)
0x81,0x02,                //   INPUT (IOF_Variable)
0x85,0x01,                //   REPORT_ID (1)
0x95,0x3A,                //   REPORT_COUNT (58)
0x75,0x08,                //   REPORT_SIZE (8)
0x26,0xFF,0x00,           //   LOGICAL_MAXIMUM (255)
0x15,0x00,                //   LOGICAL_MINIMUM (0)
0x09,0x01,                //   USAGE (0x1)
0x91,0x02,                //   OUTPUT (IOF_Variable)
0xC0,                     // END_COLLECTION
0x06,0x00,0xFF,           // USAGE_PAGE (Vendor Page 0)
0x09,0x01,                // USAGE (0x1)
0xA1,0x01,                // COLLECTION (Clc_Application)
0x85,0x07,                //   REPORT_ID (7)
0x95,0x02,                //   REPORT_COUNT (2)
0x75,0x08,                //   REPORT_SIZE (8)
0x26,0xFF,0x00,           //   LOGICAL_MAXIMUM (255)
0x15,0x00,                //   LOGICAL_MINIMUM (0)
0x09,0x01,                //   USAGE (0x1)
0x81,0x02,                //   INPUT (IOF_Variable)
0xC0,                     // END_COLLECTION
0x06,0x00,0xFF,           // USAGE_PAGE (Vendor Page 0)
0x09,0x01,                // USAGE (0x1)
0xA1,0x01,                // COLLECTION (Clc_Application)
0x85,0x08,                //   REPORT_ID (8)
0x95,0x02,                //   REPORT_COUNT (2)
0x75,0x08,                //   REPORT_SIZE (8)
0x26,0xFF,0x00,           //   LOGICAL_MAXIMUM (255)
0x15,0x00,                //   LOGICAL_MINIMUM (0)
0x09,0x01,                //   USAGE (0x1)
0x81,0x02,                //   INPUT (IOF_Variable)
0xC0,                     // END_COLLECTION
0x05,0x01,                // USAGE_PAGE (Generic Desktop)
0x09,0x80,                // USAGE (0x80)
0xA1,0x01,                // COLLECTION (Clc_Application)
0x85,0x06,                //   REPORT_ID (6)
0x15,0x00,                //   LOGICAL_MINIMUM (0)
0x25,0x01,                //   LOGICAL_MAXIMUM (1)
0x75,0x01,                //   REPORT_SIZE (1)
0x95,0x03,                //   REPORT_COUNT (3)
0x09,0x81,                //   USAGE (0x81)
0x09,0x82,                //   USAGE (0x82)
0x09,0x83,                //   USAGE (0x83)
0x81,0x02,                //   INPUT (IOF_Variable)
0x95,0x01,                //   REPORT_COUNT (1)
0x75,0x05,                //   REPORT_SIZE (5)
0x81,0x03,                //   INPUT (IOF_ConstVar)
0xC0,                     // END_COLLECTION
// Total:343 Bytes